<?xml version="1.0" encoding="UTF-8"?>
<testng-results ignored="0" total="4" passed="4" failed="0" skipped="0">
  <reporter-output>
  </reporter-output>
  <suite started-at="2025-11-13T13:42:16 IST" name="Suite" finished-at="2025-11-13T13:42:16 IST" duration-ms="120">
    <groups>
    </groups>
    <test started-at="2025-11-13T13:42:16 IST" name="Test" finished-at="2025-11-13T13:42:16 IST" duration-ms="51">
      <class name="Testngg.cgeck_aano">
        <test-method is-config="true" signature="test()[pri:0, instance:Testngg.cgeck_aano@34b7ac2f]" started-at="2025-11-13T13:42:16 IST" name="test" finished-at="2025-11-13T13:42:16 IST" duration-ms="6" status="PASS">
          <reporter-output>
          </reporter-output>
        </test-method> <!-- test -->
        <test-method signature="karm()[pri:0, instance:Testngg.cgeck_aano@34b7ac2f]" started-at="2025-11-13T13:42:16 IST" name="karm" finished-at="2025-11-13T13:42:16 IST" duration-ms="2" status="PASS">
          <reporter-output>
          </reporter-output>
        </test-method> <!-- karm -->
      </class> <!-- Testngg.cgeck_aano -->
      <class name="Testngg.check_ano1">
        <test-method signature="karma()[pri:0, instance:Testngg.check_ano1@1622f1b]" started-at="2025-11-13T13:42:16 IST" name="karma" finished-at="2025-11-13T13:42:16 IST" duration-ms="6" status="PASS">
          <reporter-output>
          </reporter-output>
        </test-method> <!-- karma -->
        <test-method is-config="true" signature="teest()[pri:0, instance:Testngg.check_ano1@1622f1b]" started-at="2025-11-13T13:42:16 IST" name="teest" finished-at="2025-11-13T13:42:16 IST" duration-ms="1" status="PASS">
          <reporter-output>
          </reporter-output>
        </test-method> <!-- teest -->
      </class> <!-- Testngg.check_ano1 -->
    </test> <!-- Test -->
    <test started-at="2025-11-13T13:42:16 IST" name="Test1" finished-at="2025-11-13T13:42:16 IST" duration-ms="5">
      <class name="Testngg.cgeck_aano">
        <test-method is-config="true" signature="test()[pri:0, instance:Testngg.cgeck_aano@61df66b6]" started-at="2025-11-13T13:42:16 IST" name="test" finished-at="2025-11-13T13:42:16 IST" duration-ms="0" status="PASS">
          <reporter-output>
          </reporter-output>
        </test-method> <!-- test -->
        <test-method signature="karm()[pri:0, instance:Testngg.cgeck_aano@61df66b6]" started-at="2025-11-13T13:42:16 IST" name="karm" finished-at="2025-11-13T13:42:16 IST" duration-ms="1" status="PASS">
          <reporter-output>
          </reporter-output>
        </test-method> <!-- karm -->
      </class> <!-- Testngg.cgeck_aano -->
      <class name="Testngg.check_ano1">
        <test-method signature="karma()[pri:0, instance:Testngg.check_ano1@291ae]" started-at="2025-11-13T13:42:16 IST" name="karma" finished-at="2025-11-13T13:42:16 IST" duration-ms="1" status="PASS">
          <reporter-output>
          </reporter-output>
        </test-method> <!-- karma -->
        <test-method is-config="true" signature="teest()[pri:0, instance:Testngg.check_ano1@291ae]" started-at="2025-11-13T13:42:16 IST" name="teest" finished-at="2025-11-13T13:42:16 IST" duration-ms="0" status="PASS">
          <reporter-output>
          </reporter-output>
        </test-method> <!-- teest -->
      </class> <!-- Testngg.check_ano1 -->
    </test> <!-- Test1 -->
  </suite> <!-- Suite -->
</testng-results>
